[debug] [2021-11-30T15:57:34.551Z] ----------------------------------------------------------------------
[debug] [2021-11-30T15:57:34.553Z] Command:       C:\Program Files\nodejs\node.exe C:\Program Files\nodejs\node_modules\firebase-tools\lib\bin\firebase.js emulators:start
[debug] [2021-11-30T15:57:34.553Z] CLI Version:   9.23.0
[debug] [2021-11-30T15:57:34.553Z] Platform:      win32
[debug] [2021-11-30T15:57:34.554Z] Node Version:  v16.11.1
[debug] [2021-11-30T15:57:34.554Z] Time:          Tue Nov 30 2021 20:57:34 GMT+0500 (Yekaterinburg Standard Time)
[debug] [2021-11-30T15:57:34.555Z] ----------------------------------------------------------------------
[debug] 
[debug] [2021-11-30T15:57:34.656Z] > command requires scopes: ["email","openid","https://www.googleapis.com/auth/cloudplatformprojects.readonly","https://www.googleapis.com/auth/firebase","https://www.googleapis.com/auth/cloud-platform"]
[debug] [2021-11-30T15:57:34.657Z] > authorizing via signed-in user (himanshusoni0925@gmail.com)
[info] i  emulators: Starting emulators: functions, hosting {"metadata":{"emulator":{"name":"hub"},"message":"Starting emulators: functions, hosting"}}
[debug] [2021-11-30T15:57:34.684Z] [hub] writing locator at C:\Users\himan\AppData\Local\Temp\hub-ecom-website-c97b3.json
[warn] !  functions: The following emulators are not running, calls to these services from the Functions emulator will affect production: auth, firestore, database, pubsub, storage {"metadata":{"emulator":{"name":"functions"},"message":"The following emulators are not running, calls to these services from the Functions emulator will affect production: \u001b[1mauth, firestore, database, pubsub, storage\u001b[22m"}}
[warn] !  Your requested "node" version "14" doesn't match your global version "16" {"metadata":{"emulator":{"name":"functions"},"message":"Your requested \"node\" version \"14\" doesn't match your global version \"16\""}}
[debug] [2021-11-30T15:57:34.746Z] defaultcredentials: writing to file C:\Users\himan\AppData\Roaming\firebase\himanshusoni0925_gmail_com_application_default_credentials.json
[debug] [2021-11-30T15:57:34.750Z] Setting GAC to C:\Users\himan\AppData\Roaming\firebase\himanshusoni0925_gmail_com_application_default_credentials.json {"metadata":{"emulator":{"name":"functions"},"message":"Setting GAC to C:\\Users\\himan\\AppData\\Roaming\\firebase\\himanshusoni0925_gmail_com_application_default_credentials.json"}}
[debug] [2021-11-30T15:57:34.752Z] > refreshing access token with scopes: []
[debug] [2021-11-30T15:57:34.753Z] >>> HTTP REQUEST POST https://www.googleapis.com/oauth2/v3/token  
 <request body omitted>
[debug] [2021-11-30T15:57:34.969Z] <<< HTTP RESPONSE 200 {"cache-control":"no-cache, no-store, max-age=0, must-revalidate","expires":"Mon, 01 Jan 1990 00:00:00 GMT","date":"Tue, 30 Nov 2021 13:57:14 GMT","pragma":"no-cache","content-type":"application/json; charset=utf-8","vary":"X-Origin, Referer, Origin,Accept-Encoding","server":"scaffolding on HTTPServer2","x-xss-protection":"0","x-frame-options":"SAMEORIGIN","x-content-type-options":"nosniff","alt-svc":"h3=\":443\"; ma=2592000,h3-29=\":443\"; ma=2592000,h3-Q050=\":443\"; ma=2592000,h3-Q046=\":443\"; ma=2592000,h3-Q043=\":443\"; ma=2592000,quic=\":443\"; ma=2592000; v=\"46,43\"","accept-ranges":"none","transfer-encoding":"chunked"}
[debug] [2021-11-30T15:57:35.091Z] >>> [apiv2][query] GET https://firebase.googleapis.com/v1beta1/projects/ecom-website-c97b3/adminSdkConfig [none]
[debug] [2021-11-30T15:57:35.550Z] <<< [apiv2][status] GET https://firebase.googleapis.com/v1beta1/projects/ecom-website-c97b3/adminSdkConfig 200
[debug] [2021-11-30T15:57:35.551Z] <<< [apiv2][body] GET https://firebase.googleapis.com/v1beta1/projects/ecom-website-c97b3/adminSdkConfig {"projectId":"ecom-website-c97b3","storageBucket":"ecom-website-c97b3.appspot.com"}
[debug] [2021-11-30T15:57:35.634Z] >>> [apiv2][query] GET https://firebasehosting.googleapis.com/v1beta1/projects/ecom-website-c97b3/sites 
[debug] [2021-11-30T15:57:36.803Z] <<< [apiv2][status] GET https://firebasehosting.googleapis.com/v1beta1/projects/ecom-website-c97b3/sites 200
[debug] [2021-11-30T15:57:36.803Z] <<< [apiv2][body] GET https://firebasehosting.googleapis.com/v1beta1/projects/ecom-website-c97b3/sites {"sites":[{"name":"projects/1038540511560/sites/ecom-website-c97b3","defaultUrl":"https://ecom-website-c97b3.web.app","appId":"1:1038540511560:web:010b4c7982967f39a37b7d","type":"DEFAULT_SITE"}]}
[debug] [2021-11-30T15:57:36.804Z] >>> [apiv2][query] GET https://firebase.googleapis.com/v1beta1/projects/ecom-website-c97b3/webApps/1:1038540511560:web:010b4c7982967f39a37b7d/config [none]
[debug] [2021-11-30T15:57:37.945Z] <<< [apiv2][status] GET https://firebase.googleapis.com/v1beta1/projects/ecom-website-c97b3/webApps/1:1038540511560:web:010b4c7982967f39a37b7d/config 200
[debug] [2021-11-30T15:57:37.946Z] <<< [apiv2][body] GET https://firebase.googleapis.com/v1beta1/projects/ecom-website-c97b3/webApps/1:1038540511560:web:010b4c7982967f39a37b7d/config {"projectId":"ecom-website-c97b3","appId":"1:1038540511560:web:010b4c7982967f39a37b7d","storageBucket":"ecom-website-c97b3.appspot.com","apiKey":"AIzaSyAGr6ji_El4fjzH34rZH39MYyoOVFFhhBg","authDomain":"ecom-website-c97b3.firebaseapp.com","messagingSenderId":"1038540511560","measurementId":"G-1231NVGKET"}
[info] i  hosting: Serving hosting files from: build {"metadata":{"emulator":{"name":"hosting"},"message":"Serving hosting files from: \u001b[1mbuild\u001b[22m"}}
[info] +  hosting: Local server: http://localhost:5000 {"metadata":{"emulator":{"name":"hosting"},"message":"Local server: \u001b[4m\u001b[1mhttp://localhost:5000\u001b[22m\u001b[24m"}}
[debug] [2021-11-30T15:57:38.104Z] Ignoring unsupported arg: auto_download {"metadata":{"emulator":{"name":"ui"},"message":"Ignoring unsupported arg: auto_download"}}
[debug] [2021-11-30T15:57:38.105Z] Ignoring unsupported arg: port {"metadata":{"emulator":{"name":"ui"},"message":"Ignoring unsupported arg: port"}}
[debug] [2021-11-30T15:57:38.105Z] Starting Emulator UI with command {"binary":"node","args":["C:\\Users\\himan\\.cache\\firebase\\emulators\\ui-v1.6.4\\server.bundle.js"],"optionalArgs":[],"joinArgs":false} {"metadata":{"emulator":{"name":"ui"},"message":"Starting Emulator UI with command {\"binary\":\"node\",\"args\":[\"C:\\\\Users\\\\himan\\\\.cache\\\\firebase\\\\emulators\\\\ui-v1.6.4\\\\server.bundle.js\"],\"optionalArgs\":[],\"joinArgs\":false}"}}
[info] i  ui: Emulator UI logging to ui-debug.log {"metadata":{"emulator":{"name":"ui"},"message":"Emulator UI logging to \u001b[1mui-debug.log\u001b[22m"}}
[debug] [2021-11-30T15:57:38.307Z] Web / API server started at localhost:4000
 {"metadata":{"emulator":{"name":"ui"},"message":"Web / API server started at localhost:4000\n"}}
[info] i  functions: Watching "D:\repos\SE_project\webstore\functions" for Cloud Functions... {"metadata":{"emulator":{"name":"functions"},"message":"Watching \"D:\\repos\\SE_project\\webstore\\functions\" for Cloud Functions..."}}
[debug] [2021-11-30T15:57:38.397Z] [worker-pool] addWorker(~diagnostic~) {"metadata":{"emulator":{"name":"functions"},"message":"[worker-pool] addWorker(~diagnostic~)"}}
[debug] [2021-11-30T15:57:38.397Z] [worker-pool] Adding worker with key ~diagnostic~, total=1 {"metadata":{"emulator":{"name":"functions"},"message":"[worker-pool] Adding worker with key ~diagnostic~, total=1"}}
[debug] [2021-11-30T15:57:38.398Z] [worker-pool] submitWork(triggerId=) {"metadata":{"emulator":{"name":"functions"},"message":"[worker-pool] submitWork(triggerId=)"}}
[debug] [2021-11-30T15:57:38.398Z] [worker-~diagnostic~-8e089464-7df3-441d-8bf8-df65d175d817]: Assigning socketPath: \\?\pipe\D:\repos\SE_project\webstore\functions\19660 {"metadata":{"emulator":{"name":"functions"},"message":"[worker-~diagnostic~-8e089464-7df3-441d-8bf8-df65d175d817]: Assigning socketPath: \\\\?\\pipe\\D:\\repos\\SE_project\\webstore\\functions\\19660"}}
[debug] [2021-11-30T15:57:38.398Z] [worker-~diagnostic~-8e089464-7df3-441d-8bf8-df65d175d817]: BUSY {"metadata":{"emulator":{"name":"functions"},"message":"[worker-~diagnostic~-8e089464-7df3-441d-8bf8-df65d175d817]: BUSY"}}
[debug] [2021-11-30T15:57:38.596Z] [runtime-status] [19660] Functions runtime initialized. {"cwd":"D:\\repos\\SE_project\\webstore\\functions","node_version":"16.11.1"} {"metadata":{"emulator":{"name":"functions"},"message":"[runtime-status] [19660] Functions runtime initialized. {\"cwd\":\"D:\\\\repos\\\\SE_project\\\\webstore\\\\functions\",\"node_version\":\"16.11.1\"}"}}
[debug] [2021-11-30T15:57:38.597Z] [runtime-status] [19660] Disabled runtime features: undefined {"metadata":{"emulator":{"name":"functions"},"message":"[runtime-status] [19660] Disabled runtime features: undefined"}}
[debug] [2021-11-30T15:57:38.600Z] [runtime-status] [19660] Resolved module firebase-admin {"declared":true,"installed":true,"version":"9.12.0","resolution":"D:\\repos\\SE_project\\webstore\\functions\\node_modules\\firebase-admin\\lib\\index.js"} {"metadata":{"emulator":{"name":"functions"},"message":"[runtime-status] [19660] Resolved module firebase-admin {\"declared\":true,\"installed\":true,\"version\":\"9.12.0\",\"resolution\":\"D:\\\\repos\\\\SE_project\\\\webstore\\\\functions\\\\node_modules\\\\firebase-admin\\\\lib\\\\index.js\"}"}}
[debug] [2021-11-30T15:57:38.603Z] [runtime-status] [19660] Resolved module firebase-functions {"declared":true,"installed":true,"version":"3.16.0","resolution":"D:\\repos\\SE_project\\webstore\\functions\\node_modules\\firebase-functions\\lib\\index.js"} {"metadata":{"emulator":{"name":"functions"},"message":"[runtime-status] [19660] Resolved module firebase-functions {\"declared\":true,\"installed\":true,\"version\":\"3.16.0\",\"resolution\":\"D:\\\\repos\\\\SE_project\\\\webstore\\\\functions\\\\node_modules\\\\firebase-functions\\\\lib\\\\index.js\"}"}}
[debug] [2021-11-30T15:57:38.606Z] [runtime-status] [19660] Outgoing network have been stubbed. [{"name":"http","status":"mocked"},{"name":"http","status":"mocked"},{"name":"https","status":"mocked"},{"name":"https","status":"mocked"},{"name":"net","status":"mocked"}] {"metadata":{"emulator":{"name":"functions"},"message":"[runtime-status] [19660] Outgoing network have been stubbed. [{\"name\":\"http\",\"status\":\"mocked\"},{\"name\":\"http\",\"status\":\"mocked\"},{\"name\":\"https\",\"status\":\"mocked\"},{\"name\":\"https\",\"status\":\"mocked\"},{\"name\":\"net\",\"status\":\"mocked\"}]"}}
[debug] [2021-11-30T15:57:38.607Z] [runtime-status] [19660] Resolved module firebase-functions {"declared":true,"installed":true,"version":"3.16.0","resolution":"D:\\repos\\SE_project\\webstore\\functions\\node_modules\\firebase-functions\\lib\\index.js"} {"metadata":{"emulator":{"name":"functions"},"message":"[runtime-status] [19660] Resolved module firebase-functions {\"declared\":true,\"installed\":true,\"version\":\"3.16.0\",\"resolution\":\"D:\\\\repos\\\\SE_project\\\\webstore\\\\functions\\\\node_modules\\\\firebase-functions\\\\lib\\\\index.js\"}"}}
[debug] [2021-11-30T15:57:38.661Z] [runtime-status] [19660] Checked functions.config() {"config":{}} {"metadata":{"emulator":{"name":"functions"},"message":"[runtime-status] [19660] Checked functions.config() {\"config\":{}}"}}
[debug] [2021-11-30T15:57:38.661Z] [runtime-status] [19660] firebase-functions has been stubbed. {"functionsResolution":{"declared":true,"installed":true,"version":"3.16.0","resolution":"D:\\repos\\SE_project\\webstore\\functions\\node_modules\\firebase-functions\\lib\\index.js"}} {"metadata":{"emulator":{"name":"functions"},"message":"[runtime-status] [19660] firebase-functions has been stubbed. {\"functionsResolution\":{\"declared\":true,\"installed\":true,\"version\":\"3.16.0\",\"resolution\":\"D:\\\\repos\\\\SE_project\\\\webstore\\\\functions\\\\node_modules\\\\firebase-functions\\\\lib\\\\index.js\"}}"}}
[debug] [2021-11-30T15:57:38.662Z] [runtime-status] [19660] Resolved module firebase-functions {"declared":true,"installed":true,"version":"3.16.0","resolution":"D:\\repos\\SE_project\\webstore\\functions\\node_modules\\firebase-functions\\lib\\index.js"} {"metadata":{"emulator":{"name":"functions"},"message":"[runtime-status] [19660] Resolved module firebase-functions {\"declared\":true,\"installed\":true,\"version\":\"3.16.0\",\"resolution\":\"D:\\\\repos\\\\SE_project\\\\webstore\\\\functions\\\\node_modules\\\\firebase-functions\\\\lib\\\\index.js\"}"}}
[debug] [2021-11-30T15:57:38.664Z] [runtime-status] [19660] Resolved module firebase-admin {"declared":true,"installed":true,"version":"9.12.0","resolution":"D:\\repos\\SE_project\\webstore\\functions\\node_modules\\firebase-admin\\lib\\index.js"} {"metadata":{"emulator":{"name":"functions"},"message":"[runtime-status] [19660] Resolved module firebase-admin {\"declared\":true,\"installed\":true,\"version\":\"9.12.0\",\"resolution\":\"D:\\\\repos\\\\SE_project\\\\webstore\\\\functions\\\\node_modules\\\\firebase-admin\\\\lib\\\\index.js\"}"}}
[debug] [2021-11-30T15:57:38.664Z] [runtime-status] [19660] Resolved module firebase-functions {"declared":true,"installed":true,"version":"3.16.0","resolution":"D:\\repos\\SE_project\\webstore\\functions\\node_modules\\firebase-functions\\lib\\index.js"} {"metadata":{"emulator":{"name":"functions"},"message":"[runtime-status] [19660] Resolved module firebase-functions {\"declared\":true,\"installed\":true,\"version\":\"3.16.0\",\"resolution\":\"D:\\\\repos\\\\SE_project\\\\webstore\\\\functions\\\\node_modules\\\\firebase-functions\\\\lib\\\\index.js\"}"}}
[debug] [2021-11-30T15:57:38.664Z] [runtime-status] [19660] firebase-admin has been stubbed. {"adminResolution":{"declared":true,"installed":true,"version":"9.12.0","resolution":"D:\\repos\\SE_project\\webstore\\functions\\node_modules\\firebase-admin\\lib\\index.js"}} {"metadata":{"emulator":{"name":"functions"},"message":"[runtime-status] [19660] firebase-admin has been stubbed. {\"adminResolution\":{\"declared\":true,\"installed\":true,\"version\":\"9.12.0\",\"resolution\":\"D:\\\\repos\\\\SE_project\\\\webstore\\\\functions\\\\node_modules\\\\firebase-admin\\\\lib\\\\index.js\"}}"}}
[info] +  functions[us-central1-api]: http function initialized (http://localhost:5001/ecom-website-c97b3/us-central1/api). {"metadata":{"emulator":{"name":"functions"},"message":"\u001b[1mhttp\u001b[22m function initialized (http://localhost:5001/ecom-website-c97b3/us-central1/api)."}}
[info] 
┌─────────────────────────────────────────────────────────────┐
│ ✔  All emulators ready! It is now safe to connect your app. │
│ i  View Emulator UI at http://localhost:4000                │
└─────────────────────────────────────────────────────────────┘

┌───────────┬────────────────┬─────────────────────────────────┐
│ Emulator  │ Host:Port      │ View in Emulator UI             │
├───────────┼────────────────┼─────────────────────────────────┤
│ Functions │ localhost:5001 │ http://localhost:4000/functions │
├───────────┼────────────────┼─────────────────────────────────┤
│ Hosting   │ localhost:5000 │ n/a                             │
└───────────┴────────────────┴─────────────────────────────────┘
  Emulator Hub running at localhost:4400
  Other reserved ports: 4500

Issues? Report them at https://github.com/firebase/firebase-tools/issues and attach the *-debug.log files.
 
[debug] [2021-11-30T15:57:38.817Z] [worker-~diagnostic~-8e089464-7df3-441d-8bf8-df65d175d817]: IDLE {"metadata":{"emulator":{"name":"functions"},"message":"[worker-~diagnostic~-8e089464-7df3-441d-8bf8-df65d175d817]: IDLE"}}
[debug] [2021-11-30T15:57:58.821Z] [work-queue] {"queueLength":1,"workRunningCount":0}
[debug] [2021-11-30T15:57:58.822Z] [work-queue] {"queueLength":0,"workRunningCount":1}
[debug] [2021-11-30T15:57:58.822Z] Accepted request GET /ecom-website-c97b3/us-central1/api --> us-central1-api
[debug] [2021-11-30T15:57:58.836Z] [worker-pool] addWorker(us-central1-api) {"metadata":{"emulator":{"name":"functions"},"message":"[worker-pool] addWorker(us-central1-api)"}}
[debug] [2021-11-30T15:57:58.837Z] [worker-pool] Adding worker with key us-central1-api, total=1 {"metadata":{"emulator":{"name":"functions"},"message":"[worker-pool] Adding worker with key us-central1-api, total=1"}}
[debug] [2021-11-30T15:57:58.837Z] [worker-pool] submitWork(triggerId=us-central1-api) {"metadata":{"emulator":{"name":"functions"},"message":"[worker-pool] submitWork(triggerId=us-central1-api)"}}
[debug] [2021-11-30T15:57:58.838Z] [worker-us-central1-api-e0f26e06-835d-4f83-baf6-135247c49df3]: Assigning socketPath: \\?\pipe\D:\repos\SE_project\webstore\functions\8940 {"metadata":{"emulator":{"name":"functions"},"message":"[worker-us-central1-api-e0f26e06-835d-4f83-baf6-135247c49df3]: Assigning socketPath: \\\\?\\pipe\\D:\\repos\\SE_project\\webstore\\functions\\8940"}}
[debug] [2021-11-30T15:57:58.838Z] [worker-us-central1-api-e0f26e06-835d-4f83-baf6-135247c49df3]: BUSY {"metadata":{"emulator":{"name":"functions"},"message":"[worker-us-central1-api-e0f26e06-835d-4f83-baf6-135247c49df3]: BUSY"}}
[debug] [2021-11-30T15:57:59.024Z] [runtime-status] [8940] Functions runtime initialized. {"cwd":"D:\\repos\\SE_project\\webstore\\functions","node_version":"16.11.1"} {"metadata":{"emulator":{"name":"functions"},"function":{"name":"us-central1-api"},"message":"[runtime-status] [8940] Functions runtime initialized. {\"cwd\":\"D:\\\\repos\\\\SE_project\\\\webstore\\\\functions\",\"node_version\":\"16.11.1\"}"}}
[debug] [2021-11-30T15:57:59.025Z] [runtime-status] [8940] Disabled runtime features: undefined {"metadata":{"emulator":{"name":"functions"},"function":{"name":"us-central1-api"},"message":"[runtime-status] [8940] Disabled runtime features: undefined"}}
[debug] [2021-11-30T15:57:59.029Z] [runtime-status] [8940] Resolved module firebase-admin {"declared":true,"installed":true,"version":"9.12.0","resolution":"D:\\repos\\SE_project\\webstore\\functions\\node_modules\\firebase-admin\\lib\\index.js"} {"metadata":{"emulator":{"name":"functions"},"function":{"name":"us-central1-api"},"message":"[runtime-status] [8940] Resolved module firebase-admin {\"declared\":true,\"installed\":true,\"version\":\"9.12.0\",\"resolution\":\"D:\\\\repos\\\\SE_project\\\\webstore\\\\functions\\\\node_modules\\\\firebase-admin\\\\lib\\\\index.js\"}"}}
[debug] [2021-11-30T15:57:59.033Z] [runtime-status] [8940] Resolved module firebase-functions {"declared":true,"installed":true,"version":"3.16.0","resolution":"D:\\repos\\SE_project\\webstore\\functions\\node_modules\\firebase-functions\\lib\\index.js"} {"metadata":{"emulator":{"name":"functions"},"function":{"name":"us-central1-api"},"message":"[runtime-status] [8940] Resolved module firebase-functions {\"declared\":true,\"installed\":true,\"version\":\"3.16.0\",\"resolution\":\"D:\\\\repos\\\\SE_project\\\\webstore\\\\functions\\\\node_modules\\\\firebase-functions\\\\lib\\\\index.js\"}"}}
[debug] [2021-11-30T15:57:59.034Z] [runtime-status] [8940] Outgoing network have been stubbed. [{"name":"http","status":"mocked"},{"name":"http","status":"mocked"},{"name":"https","status":"mocked"},{"name":"https","status":"mocked"},{"name":"net","status":"mocked"}] {"metadata":{"emulator":{"name":"functions"},"function":{"name":"us-central1-api"},"message":"[runtime-status] [8940] Outgoing network have been stubbed. [{\"name\":\"http\",\"status\":\"mocked\"},{\"name\":\"http\",\"status\":\"mocked\"},{\"name\":\"https\",\"status\":\"mocked\"},{\"name\":\"https\",\"status\":\"mocked\"},{\"name\":\"net\",\"status\":\"mocked\"}]"}}
[debug] [2021-11-30T15:57:59.036Z] [runtime-status] [8940] Resolved module firebase-functions {"declared":true,"installed":true,"version":"3.16.0","resolution":"D:\\repos\\SE_project\\webstore\\functions\\node_modules\\firebase-functions\\lib\\index.js"} {"metadata":{"emulator":{"name":"functions"},"function":{"name":"us-central1-api"},"message":"[runtime-status] [8940] Resolved module firebase-functions {\"declared\":true,\"installed\":true,\"version\":\"3.16.0\",\"resolution\":\"D:\\\\repos\\\\SE_project\\\\webstore\\\\functions\\\\node_modules\\\\firebase-functions\\\\lib\\\\index.js\"}"}}
[debug] [2021-11-30T15:57:59.100Z] [runtime-status] [8940] Checked functions.config() {"config":{}} {"metadata":{"emulator":{"name":"functions"},"function":{"name":"us-central1-api"},"message":"[runtime-status] [8940] Checked functions.config() {\"config\":{}}"}}
[debug] [2021-11-30T15:57:59.100Z] [runtime-status] [8940] firebase-functions has been stubbed. {"functionsResolution":{"declared":true,"installed":true,"version":"3.16.0","resolution":"D:\\repos\\SE_project\\webstore\\functions\\node_modules\\firebase-functions\\lib\\index.js"}} {"metadata":{"emulator":{"name":"functions"},"function":{"name":"us-central1-api"},"message":"[runtime-status] [8940] firebase-functions has been stubbed. {\"functionsResolution\":{\"declared\":true,\"installed\":true,\"version\":\"3.16.0\",\"resolution\":\"D:\\\\repos\\\\SE_project\\\\webstore\\\\functions\\\\node_modules\\\\firebase-functions\\\\lib\\\\index.js\"}}"}}
[debug] [2021-11-30T15:57:59.101Z] [runtime-status] [8940] Resolved module firebase-functions {"declared":true,"installed":true,"version":"3.16.0","resolution":"D:\\repos\\SE_project\\webstore\\functions\\node_modules\\firebase-functions\\lib\\index.js"} {"metadata":{"emulator":{"name":"functions"},"function":{"name":"us-central1-api"},"message":"[runtime-status] [8940] Resolved module firebase-functions {\"declared\":true,\"installed\":true,\"version\":\"3.16.0\",\"resolution\":\"D:\\\\repos\\\\SE_project\\\\webstore\\\\functions\\\\node_modules\\\\firebase-functions\\\\lib\\\\index.js\"}"}}
[debug] [2021-11-30T15:57:59.103Z] [runtime-status] [8940] Resolved module firebase-admin {"declared":true,"installed":true,"version":"9.12.0","resolution":"D:\\repos\\SE_project\\webstore\\functions\\node_modules\\firebase-admin\\lib\\index.js"} {"metadata":{"emulator":{"name":"functions"},"function":{"name":"us-central1-api"},"message":"[runtime-status] [8940] Resolved module firebase-admin {\"declared\":true,\"installed\":true,\"version\":\"9.12.0\",\"resolution\":\"D:\\\\repos\\\\SE_project\\\\webstore\\\\functions\\\\node_modules\\\\firebase-admin\\\\lib\\\\index.js\"}"}}
[debug] [2021-11-30T15:57:59.106Z] [runtime-status] [8940] Resolved module firebase-functions {"declared":true,"installed":true,"version":"3.16.0","resolution":"D:\\repos\\SE_project\\webstore\\functions\\node_modules\\firebase-functions\\lib\\index.js"} {"metadata":{"emulator":{"name":"functions"},"function":{"name":"us-central1-api"},"message":"[runtime-status] [8940] Resolved module firebase-functions {\"declared\":true,\"installed\":true,\"version\":\"3.16.0\",\"resolution\":\"D:\\\\repos\\\\SE_project\\\\webstore\\\\functions\\\\node_modules\\\\firebase-functions\\\\lib\\\\index.js\"}"}}
[debug] [2021-11-30T15:57:59.106Z] [runtime-status] [8940] firebase-admin has been stubbed. {"adminResolution":{"declared":true,"installed":true,"version":"9.12.0","resolution":"D:\\repos\\SE_project\\webstore\\functions\\node_modules\\firebase-admin\\lib\\index.js"}} {"metadata":{"emulator":{"name":"functions"},"function":{"name":"us-central1-api"},"message":"[runtime-status] [8940] firebase-admin has been stubbed. {\"adminResolution\":{\"declared\":true,\"installed\":true,\"version\":\"9.12.0\",\"resolution\":\"D:\\\\repos\\\\SE_project\\\\webstore\\\\functions\\\\node_modules\\\\firebase-admin\\\\lib\\\\index.js\"}}"}}
[debug] [2021-11-30T15:57:59.266Z] [runtime-status] [8940] Trigger "us-central1-api" has been found, beginning invocation! {"metadata":{"emulator":{"name":"functions"},"function":{"name":"us-central1-api"},"message":"[runtime-status] [8940] Trigger \"us-central1-api\" has been found, beginning invocation!"}}
[info] i  functions: Beginning execution of "us-central1-api" {"metadata":{"emulator":{"name":"functions"},"function":{"name":"us-central1-api"},"message":"Beginning execution of \"us-central1-api\""}}
[debug] [2021-11-30T15:57:59.267Z] [runtime-status] [8940] triggerDefinition {"httpsTrigger":{},"name":"api","entryPoint":"api","regions":["us-central1"],"region":"us-central1","id":"us-central1-api"} {"metadata":{"emulator":{"name":"functions"},"function":{"name":"us-central1-api"},"message":"[runtime-status] [8940] triggerDefinition {\"httpsTrigger\":{},\"name\":\"api\",\"entryPoint\":\"api\",\"regions\":[\"us-central1\"],\"region\":\"us-central1\",\"id\":\"us-central1-api\"}"}}
[debug] [2021-11-30T15:57:59.268Z] [runtime-status] [8940] Running us-central1-api in signature http {"metadata":{"emulator":{"name":"functions"},"function":{"name":"us-central1-api"},"message":"[runtime-status] [8940] Running us-central1-api in signature http"}}
[debug] [2021-11-30T15:57:59.272Z] [runtime-status] [8940] Attempting to listen to socketPath: \\?\pipe\D:\repos\SE_project\webstore\functions\8940 {"metadata":{"emulator":{"name":"functions"},"function":{"name":"us-central1-api"},"message":"[runtime-status] [8940] Attempting to listen to socketPath: \\\\?\\pipe\\D:\\repos\\SE_project\\webstore\\functions\\8940"}}
[debug] [2021-11-30T15:57:59.277Z] [functions] Runtime ready! Sending request! {"metadata":{"emulator":{"name":"functions"},"message":"[functions] Runtime ready! Sending request!"}}
[debug] [2021-11-30T15:57:59.278Z] [functions] Got req.url=/ecom-website-c97b3/us-central1/api, mapping to path=/ {"metadata":{"emulator":{"name":"functions"},"message":"[functions] Got req.url=/ecom-website-c97b3/us-central1/api, mapping to path=/"}}
[debug] [2021-11-30T15:57:59.284Z] [runtime-status] [8940] Ephemeral server handling GET request {"metadata":{"emulator":{"name":"functions"},"function":{"name":"us-central1-api"},"message":"[runtime-status] [8940] Ephemeral server handling GET request"}}
[debug] [2021-11-30T15:57:59.292Z] [runtime-status] [8940] Ephemeral server survived. {"metadata":{"emulator":{"name":"functions"},"function":{"name":"us-central1-api"},"message":"[runtime-status] [8940] Ephemeral server survived."}}
[info] i  functions: Finished "us-central1-api" in ~1s {"metadata":{"emulator":{"name":"functions"},"function":{"name":"us-central1-api"},"message":"Finished \"us-central1-api\" in ~1s"}}
[debug] [2021-11-30T15:57:59.297Z] [worker-us-central1-api-e0f26e06-835d-4f83-baf6-135247c49df3]: IDLE {"metadata":{"emulator":{"name":"functions"},"message":"[worker-us-central1-api-e0f26e06-835d-4f83-baf6-135247c49df3]: IDLE"}}
[debug] [2021-11-30T15:57:59.297Z] [work-queue] {"queueLength":0,"workRunningCount":0}
[debug] [2021-11-30T15:58:25.509Z] [work-queue] {"queueLength":1,"workRunningCount":0}
[debug] [2021-11-30T15:58:25.510Z] [work-queue] {"queueLength":0,"workRunningCount":1}
[debug] [2021-11-30T15:58:25.510Z] Accepted request POST /ecom-website-c97b3/us-central1/api/payments/create?total=2392 --> us-central1-api
[debug] [2021-11-30T15:58:25.511Z] [worker-pool] submitWork(triggerId=us-central1-api) {"metadata":{"emulator":{"name":"functions"},"message":"[worker-pool] submitWork(triggerId=us-central1-api)"}}
[debug] [2021-11-30T15:58:25.511Z] [worker-us-central1-api-e0f26e06-835d-4f83-baf6-135247c49df3]: Assigning socketPath: \\?\pipe\D:\repos\SE_project\webstore\functions\8940 {"metadata":{"emulator":{"name":"functions"},"message":"[worker-us-central1-api-e0f26e06-835d-4f83-baf6-135247c49df3]: Assigning socketPath: \\\\?\\pipe\\D:\\repos\\SE_project\\webstore\\functions\\8940"}}
[debug] [2021-11-30T15:58:25.511Z] [worker-us-central1-api-e0f26e06-835d-4f83-baf6-135247c49df3]: BUSY {"metadata":{"emulator":{"name":"functions"},"message":"[worker-us-central1-api-e0f26e06-835d-4f83-baf6-135247c49df3]: BUSY"}}
[debug] [2021-11-30T15:58:25.513Z] [runtime-status] [8940] Trigger "us-central1-api" has been found, beginning invocation! {"metadata":{"emulator":{"name":"functions"},"function":{"name":"us-central1-api"},"message":"[runtime-status] [8940] Trigger \"us-central1-api\" has been found, beginning invocation!"}}
[info] i  functions: Beginning execution of "us-central1-api" {"metadata":{"emulator":{"name":"functions"},"function":{"name":"us-central1-api"},"message":"Beginning execution of \"us-central1-api\""}}
[debug] [2021-11-30T15:58:25.515Z] [runtime-status] [8940] triggerDefinition {"httpsTrigger":{},"name":"api","entryPoint":"api","regions":["us-central1"],"region":"us-central1","id":"us-central1-api"} {"metadata":{"emulator":{"name":"functions"},"function":{"name":"us-central1-api"},"message":"[runtime-status] [8940] triggerDefinition {\"httpsTrigger\":{},\"name\":\"api\",\"entryPoint\":\"api\",\"regions\":[\"us-central1\"],\"region\":\"us-central1\",\"id\":\"us-central1-api\"}"}}
[debug] [2021-11-30T15:58:25.516Z] [runtime-status] [8940] Running us-central1-api in signature http {"metadata":{"emulator":{"name":"functions"},"function":{"name":"us-central1-api"},"message":"[runtime-status] [8940] Running us-central1-api in signature http"}}
[debug] [2021-11-30T15:58:25.517Z] [runtime-status] [8940] Attempting to listen to socketPath: \\?\pipe\D:\repos\SE_project\webstore\functions\8940 {"metadata":{"emulator":{"name":"functions"},"function":{"name":"us-central1-api"},"message":"[runtime-status] [8940] Attempting to listen to socketPath: \\\\?\\pipe\\D:\\repos\\SE_project\\webstore\\functions\\8940"}}
[debug] [2021-11-30T15:58:25.519Z] [functions] Runtime ready! Sending request! {"metadata":{"emulator":{"name":"functions"},"message":"[functions] Runtime ready! Sending request!"}}
[debug] [2021-11-30T15:58:25.520Z] [functions] Got req.url=/ecom-website-c97b3/us-central1/api/payments/create?total=2392, mapping to path=/payments/create?total=2392 {"metadata":{"emulator":{"name":"functions"},"message":"[functions] Got req.url=/ecom-website-c97b3/us-central1/api/payments/create?total=2392, mapping to path=/payments/create?total=2392"}}
[debug] [2021-11-30T15:58:25.529Z] [runtime-status] [8940] Ephemeral server handling POST request {"metadata":{"emulator":{"name":"functions"},"function":{"name":"us-central1-api"},"message":"[runtime-status] [8940] Ephemeral server handling POST request"}}
[info] >  Payment Request Recieved BOOM!!! for this amount >>>  2392 {"user":"Payment Request Recieved BOOM!!! for this amount >>>  2392","metadata":{"emulator":{"name":"functions"},"function":{"name":"us-central1-api"},"message":"\u001b[90m> \u001b[39m Payment Request Recieved BOOM!!! for this amount >>>  2392"}}
[debug] [2021-11-30T15:58:25.546Z] [runtime-status] [8940] Ephemeral server survived. {"metadata":{"emulator":{"name":"functions"},"function":{"name":"us-central1-api"},"message":"[runtime-status] [8940] Ephemeral server survived."}}
[info] i  functions: Finished "us-central1-api" in ~1s {"metadata":{"emulator":{"name":"functions"},"function":{"name":"us-central1-api"},"message":"Finished \"us-central1-api\" in ~1s"}}
[debug] [2021-11-30T15:58:26.919Z] [worker-us-central1-api-e0f26e06-835d-4f83-baf6-135247c49df3]: IDLE {"metadata":{"emulator":{"name":"functions"},"message":"[worker-us-central1-api-e0f26e06-835d-4f83-baf6-135247c49df3]: IDLE"}}
[debug] [2021-11-30T15:58:26.920Z] [work-queue] {"queueLength":0,"workRunningCount":0}
